{"/Users/lara.santos/Desktop/Repos/tdd-spectrum-kata/public/js/first.js": {"path":"/Users/lara.santos/Desktop/Repos/tdd-spectrum-kata/public/js/first.js","statementMap":{"0":{"start":{"line":4,"column":8},"end":{"line":4,"column":24}},"1":{"start":{"line":8,"column":21},"end":{"line":10,"column":20}},"2":{"start":{"line":12,"column":22},"end":{"line":12,"column":37}},"3":{"start":{"line":13,"column":29},"end":{"line":13,"column":63}},"4":{"start":{"line":15,"column":4},"end":{"line":15,"column":19}}},"fnMap":{"0":{"name":"(anonymous_0)","decl":{"start":{"line":3,"column":4},"end":{"line":3,"column":5}},"loc":{"start":{"line":3,"column":22},"end":{"line":5,"column":5}},"line":3},"1":{"name":"(anonymous_1)","decl":{"start":{"line":7,"column":4},"end":{"line":7,"column":5}},"loc":{"start":{"line":7,"column":19},"end":{"line":16,"column":1}},"line":7}},"branchMap":{},"s":{"0":2,"1":2,"2":2,"3":2,"4":2},"f":{"0":2,"1":2},"b":{},"_coverageSchema":"1a1c01bbd47fc00a2c39e90264f33305004495a9","hash":"f32bee675aa96262177b8e282ffc36bc9ca4dc99"}
}
